==================================================
Algorithm: FedKTL-stable-diffusion
Local batch size: 10
Local steps: 1
Local learing rate: 0.01
Local learing rate decay: False
Total number of clients: 20
Clients join in each round: 1.0
Clients randomly join: False
Client drop rate: 0.0
Client select regarding time: False
Running times: 3
Dataset: Cifar10
Number of classes: 10
Backbone: HtM10
Using device: cuda
Auto break: True
==================================================

============= Running time: 0th =============
Creating server and clients ...
FedAvgCNN(in_features=3, num_classes=args.num_classes, dim=1600)
torchvision.models.googlenet(pretrained=False, aux_logits=False, num_classes=args.num_classes)
mobilenet_v2(pretrained=False, num_classes=args.num_classes)
torchvision.models.resnet18(pretrained=False, num_classes=args.num_classes)
torchvision.models.resnet34(pretrained=False, num_classes=args.num_classes)
torchvision.models.resnet50(pretrained=False, num_classes=args.num_classes)
torchvision.models.resnet101(pretrained=False, num_classes=args.num_classes)
torchvision.models.resnet152(pretrained=False, num_classes=args.num_classes)
torchvision.models.vit_b_16(image_size=32, num_classes=args.num_classes)
torchvision.models.vit_b_32(image_size=32, num_classes=args.num_classes)

Join ratio / total clients: 1.0 / 20
Finished creating server and clients.
Loading Stable Diffusion model: runwayml/stable-diffusion-v1-5
Keyword arguments {'dtype': torch.float32} are not expected by StableDiffusionPipeline and will be ignored.
Loading pipeline components...:   0%|          | 0/7 [00:00<?, ?it/s]Loading pipeline components...:  29%|██▊       | 2/7 [00:00<00:00,  9.50it/s]Loading pipeline components...:  57%|█████▋    | 4/7 [00:00<00:00, 11.98it/s]Loading pipeline components...: 100%|██████████| 7/7 [00:00<00:00, 16.31it/s]
✅ Successfully loaded model from Hugging Face Hub
latents shape torch.Size([1, 4, 64, 64])
latents dim 16384
Feature_Transformer Feature_Transformer(
  (mlp): Sequential(
    (0): Linear(in_features=10, out_features=10, bias=True)
    (1): BatchNorm1d(10, eps=1e-05, momentum=0.1, affine=True, track_running_stats=True)
    (2): ReLU()
    (3): Linear(in_features=10, out_features=16384, bias=True)
  )
)
Centroids Embedding(10, 16384)
clientprocess Compose(
    Resize(size=32, interpolation=bilinear, max_size=None, antialias=True)
    CenterCrop(size=(32, 32))
    Normalize(mean=(0.5, 0.5, 0.5), std=(0.5, 0.5, 0.5))
)

-------------Round number: 0-------------

Evaluate heterogeneous models
Client 0: Acc: 0.05625, AUC: 0.44571180555555556
Client 1: Acc: 0.8397790055248618, AUC: 0.9115615111463835
Client 2: Acc: 0.0, AUC: 0.4703703703703704
Client 3: Acc: 0.004784688995215311, AUC: 0.7883366528544066
Client 4: Acc: 0.0, AUC: 0.04561318291558159
Client 5: Acc: 0.33568075117370894, AUC: 0.7780422755626089
Client 6: Acc: 0.02112676056338028, AUC: 0.7093499966937776
Client 7: Acc: 0.36363636363636365, AUC: 0.6295865855524946
Client 8: Acc: 0.0, AUC: 0.40186153404194197
Client 9: Acc: 0.4228395061728395, AUC: 0.9369411421023217
Client 10: Acc: 0.06896551724137931, AUC: 0.5946872109922051
Client 11: Acc: 0.11282051282051282, AUC: 0.32877492877492875
Client 12: Acc: 0.5966666666666667, AUC: 0.6679629629629631
Client 13: Acc: 0.006578947368421052, AUC: 0.05653181748230225
Client 14: Acc: 0.04838709677419355, AUC: 0.4441345820326049
Client 15: Acc: 0.004662004662004662, AUC: 0.31794847645663493
Client 16: Acc: 0.4988235294117647, AUC: 0.7552728950403691
Client 17: Acc: 0.0, AUC: 0.2222222222222222
Client 18: Acc: 0.014760147601476014, AUC: 0.1386218566982718
Client 19: Acc: 0.0036496350364963502, AUC: 0.2865792293438945
Averaged Test Accurancy: 0.1949
Averaged Test AUC: 0.4777
Std Test Accurancy: 0.2429
Std Test AUC: 0.2664
Server data_generated Not Found
Server data_generated Not Found
Server data_generated Not Found
Server data_generated Not Found
Server data_generated Not Found
Server data_generated Not Found
Server data_generated Not Found
Server data_generated Not Found
Server data_generated Not Found
Server data_generated Not Found
Server data_generated Not Found
Server data_generated Not Found
Server data_generated Not Found
Server data_generated Not Found
Server data_generated Not Found
Server data_generated Not Found
Server data_generated Not Found
Server data_generated Not Found
Server data_generated Not Found
Server data_generated Not Found

----Server aligning ...----


----Server generating ...----

Potential NSFW content was detected in one or more images. A black image will be returned instead. Try again with a different prompt and/or seed.
Potential NSFW content was detected in one or more images. A black image will be returned instead. Try again with a different prompt and/or seed.
Potential NSFW content was detected in one or more images. A black image will be returned instead. Try again with a different prompt and/or seed.
-------------------------------------------------- 269.3820629119873

-------------Round number: 1-------------

Evaluate heterogeneous models
Client 0: Acc: 0.1, AUC: 0.6020963541666667
Client 1: Acc: 0.8397790055248618, AUC: 0.959806545045091
Client 2: Acc: 0.8583333333333333, AUC: 0.9243518518518519
Client 3: Acc: 0.7894736842105263, AUC: 0.9389793172215735
Client 4: Acc: 0.99609375, AUC: 0.9962039523654512
Client 5: Acc: 0.33568075117370894, AUC: 0.8988951094849397
Client 6: Acc: 0.07746478873239436, AUC: 0.7094326522515374
Client 7: Acc: 0.5340909090909091, AUC: 0.8372678808284869
Client 8: Acc: 0.07796610169491526, AUC: 0.47457563280028087
Client 9: Acc: 0.2222222222222222, AUC: 0.3111314332164812
Client 10: Acc: 0.5603448275862069, AUC: 0.7719109195402298
Client 11: Acc: 0.35384615384615387, AUC: 0.5265395573087881
Client 12: Acc: 0.5966666666666667, AUC: 0.8433429012345678
Client 13: Acc: 0.7631578947368421, AUC: 0.8636455447830101
Client 14: Acc: 0.9451612903225807, AUC: 0.9581974794773962
Client 15: Acc: 0.46386946386946387, AUC: 0.8575305381832188
Client 16: Acc: 0.42823529411764705, AUC: 0.7984178392925798
Client 17: Acc: 1.0, AUC: 1.0
Client 18: Acc: 0.9686346863468634, AUC: 0.9848903655088213
Client 19: Acc: 0.9671532846715328, AUC: 0.9824015368130663
Averaged Test Accurancy: 0.6216
Averaged Test AUC: 0.8321
Std Test Accurancy: 0.3174
Std Test AUC: 0.1893
